<?xml version="1.0" encoding="UTF-8"?>
<!-- Generated by org.testng.reporters.JUnitXMLReporter -->
<testsuite ignored="0" hostname="Yokesh" failures="0" tests="3" name="Default test" time="6.683" errors="0" timestamp="2023-08-24T12:32:00 IST">
  <testcase classname="restAssured.All_Request" name="getProducts" time="4.86"/>
  <testcase classname="restAssured.All_Request" name="getUsers" time="0.068"/>
  <testcase classname="restAssured.All_Request" name="addProduct" time="1.056"/>
</testsuite> <!-- Default test -->
