<?xml version="1.0" encoding="UTF-8"?>
<testng-results ignored="0" total="1" passed="1" failed="0" skipped="0">
  <reporter-output>
  </reporter-output>
  <suite started-at="2023-08-01T11:56:33 IST" name="Suite" finished-at="2023-08-01T11:58:46 IST" duration-ms="132806">
    <groups>
      <group name="cucumber">
        <method signature="AbstractTestNGCucumberTests.runScenario(io.cucumber.testng.PickleWrapper,io.cucumber.testng.FeatureWrapper)[pri:0, instance:com.Swiggy.TestSteps.TestRunner@5a1de7fb]" name="runScenario" class="io.cucumber.testng.AbstractTestNGCucumberTests"/>
      </group> <!-- cucumber -->
    </groups>
    <test started-at="2023-08-01T11:56:33 IST" name="Test" finished-at="2023-08-01T11:58:46 IST" duration-ms="132806">
      <class name="com.Swiggy.TestSteps.TestRunner">
        <test-method is-config="true" signature="setUpClass(org.testng.ITestContext)[pri:0, instance:com.Swiggy.TestSteps.TestRunner@5a1de7fb]" started-at="2023-08-01T11:56:33 IST" name="setUpClass" finished-at="2023-08-01T11:56:35 IST" duration-ms="1406" status="PASS">
          <params>
            <param index="0">
              <value>
                <![CDATA[org.testng.TestRunner@5696c927]]>
              </value>
            </param>
          </params>
          <reporter-output>
          </reporter-output>
        </test-method> <!-- setUpClass -->
        <test-method signature="runScenario(io.cucumber.testng.PickleWrapper,io.cucumber.testng.FeatureWrapper)[pri:0, instance:com.Swiggy.TestSteps.TestRunner@5a1de7fb]" started-at="2023-08-01T11:56:35 IST" name="runScenario" description="Runs Cucumber Scenarios" data-provider="scenarios" finished-at="2023-08-01T11:58:46 IST" duration-ms="131169" status="PASS">
          <params>
            <param index="0">
              <value>
                <![CDATA["A user can see checkout page text"]]>
              </value>
            </param>
            <param index="1">
              <value>
                <![CDATA["Optional[Checkout page Text]"]]>
              </value>
            </param>
          </params>
          <reporter-output>
          </reporter-output>
        </test-method> <!-- runScenario -->
        <test-method is-config="true" signature="tearDownClass()[pri:0, instance:com.Swiggy.TestSteps.TestRunner@5a1de7fb]" started-at="2023-08-01T11:58:46 IST" name="tearDownClass" finished-at="2023-08-01T11:58:46 IST" duration-ms="22" status="PASS">
          <reporter-output>
          </reporter-output>
        </test-method> <!-- tearDownClass -->
      </class> <!-- com.Swiggy.TestSteps.TestRunner -->
    </test> <!-- Test -->
  </suite> <!-- Suite -->
</testng-results>
